Added Component: Designator=J2(Sullins_PPTC101LFBN-RC_0)
Add component (AddParameter): Name = "Category 75Fab8F04590Ae3D"; Value = "Connectors and Adapters"; VariantName = "[No Variations]"
Add component (AddParameter): Name = "Category 0836C53C3D42D3F1"; Value = "Connectors"; VariantName = "[No Variations]"
Add component (AddParameter): Name = "Category A3C16Ecb93907806"; Value = "Uncategorized"; VariantName = "[No Variations]"
Add component (AddParameter): Name = "Category Bda670Ac885E6661"; Value = "Uncategorized"; VariantName = "[No Variations]"
Add component (AddParameter): Name = "Category E7012A0Bd22E3Cc6"; Value = "Headers & Receptacles"; VariantName = "[No Variations]"
Add component (AddParameter): Name = "ComponentLink1Description"; Value = "Upverter"; VariantName = "[No Variations]"
Add component (AddParameter): Name = "ComponentLink1URL"; Value = "https://upverter.com/upn/revision/438243a39a4aeeed/"; VariantName = "[No Variations]"
Add component (AddParameter): Name = "ComponentLink2Description"; Value = "Datasheet"; VariantName = "[No Variations]"
Add component (AddParameter): Name = "ComponentLink2URL"; Value = "http://www.sullinscorp.com/drawings/78_P(N)PxCxxxLFBN-RC,_10492-H.pdf"; VariantName = "[No Variations]"
Add component (AddParameter): Name = "contact_material"; Value = "Phosphor Bronze"; VariantName = "[No Variations]"
Add component (AddParameter): Name = "Digikey Description"; Value = "CONN HEADER FEMALE 10POS.1" TIN"; VariantName = "[No Variations]"
Add component (AddParameter): Name = "Digikey Part Number"; Value = "S7008-ND"; VariantName = "[No Variations]"
Add component (AddParameter): Name = "helpURL"; Value = "https://upverter.com/upn/revision/438243a39a4aeeed/"; VariantName = "[No Variations]"
Add component (AddParameter): Name = "housing_material"; Value = "Plastic"; VariantName = "[No Variations]"
Add component (AddParameter): Name = "Is Female"; Value = "yes"; VariantName = "[No Variations]"
Add component (AddParameter): Name = "Lead Free"; Value = "yes"; VariantName = "[No Variations]"
Add component (AddParameter): Name = "Manufacturer"; Value = "Sullins"; VariantName = "[No Variations]"
Add component (AddParameter): Name = "Mounting Type"; Value = "through hole"; VariantName = "[No Variations]"
Add component (AddParameter): Name = "Num Pins"; Value = "10"; VariantName = "[No Variations]"
Add component (AddParameter): Name = "number_of_positions"; Value = "10"; VariantName = "[No Variations]"
Add component (AddParameter): Name = "number_of_rows"; Value = "1"; VariantName = "[No Variations]"
Add component (AddParameter): Name = "Octopart Part Number"; Value = "a3ed6ae3a4397c2a"; VariantName = "[No Variations]"
Add component (AddParameter): Name = "Package"; Value = "HDR10"; VariantName = "[No Variations]"
Add component (AddParameter): Name = "Part Number"; Value = "PPTC101LFBN-RC"; VariantName = "[No Variations]"
Add component (AddParameter): Name = "pin_pitch"; Value = "2.54 mm"; VariantName = "[No Variations]"
Add component (AddParameter): Name = "Price"; Value = "0.506714616829"; VariantName = "[No Variations]"
Add component (AddParameter): Name = "RoHS"; Value = "TRUE"; VariantName = "[No Variations]"
Add component (AddParameter): Name = "Supplier 1"; Value = "Digi-Key"; VariantName = "[No Variations]"
Add component (AddParameter): Name = "Supplier 2"; Value = "Mouser"; VariantName = "[No Variations]"
Add component (AddParameter): Name = "Supplier Part Number 1"; Value = "S7008-ND"; VariantName = "[No Variations]"
Add component (AddParameter): Name = "Supplier Part Number 2"; Value = ""; VariantName = "[No Variations]"
Add component (AddParameter): Name = "Symbol 0 0"; Value = "Standard"; VariantName = "[No Variations]"
Add component (AddParameter): Name = "Temperature"; Value = "-40°C to +105°C"; VariantName = "[No Variations]"
Add component (AddParameter): Name = "Temperature Range High"; Value = "+105°C"; VariantName = "[No Variations]"
Add component (AddParameter): Name = "Temperature Range Low"; Value = "-40°C"; VariantName = "[No Variations]"
Add component (AddParameter): Name = "Type"; Value = "integrated circuit"; VariantName = "[No Variations]"
Added Component: Designator=J3(Sullins_PPTC101LFBN-RC_0)
Add component (AddParameter): Name = "Category 75Fab8F04590Ae3D"; Value = "Connectors and Adapters"; VariantName = "[No Variations]"
Add component (AddParameter): Name = "Category 0836C53C3D42D3F1"; Value = "Connectors"; VariantName = "[No Variations]"
Add component (AddParameter): Name = "Category A3C16Ecb93907806"; Value = "Uncategorized"; VariantName = "[No Variations]"
Add component (AddParameter): Name = "Category Bda670Ac885E6661"; Value = "Uncategorized"; VariantName = "[No Variations]"
Add component (AddParameter): Name = "Category E7012A0Bd22E3Cc6"; Value = "Headers & Receptacles"; VariantName = "[No Variations]"
Add component (AddParameter): Name = "ComponentLink1Description"; Value = "Upverter"; VariantName = "[No Variations]"
Add component (AddParameter): Name = "ComponentLink1URL"; Value = "https://upverter.com/upn/revision/438243a39a4aeeed/"; VariantName = "[No Variations]"
Add component (AddParameter): Name = "ComponentLink2Description"; Value = "Datasheet"; VariantName = "[No Variations]"
Add component (AddParameter): Name = "ComponentLink2URL"; Value = "http://www.sullinscorp.com/drawings/78_P(N)PxCxxxLFBN-RC,_10492-H.pdf"; VariantName = "[No Variations]"
Add component (AddParameter): Name = "contact_material"; Value = "Phosphor Bronze"; VariantName = "[No Variations]"
Add component (AddParameter): Name = "Digikey Description"; Value = "CONN HEADER FEMALE 10POS.1" TIN"; VariantName = "[No Variations]"
Add component (AddParameter): Name = "Digikey Part Number"; Value = "S7008-ND"; VariantName = "[No Variations]"
Add component (AddParameter): Name = "helpURL"; Value = "https://upverter.com/upn/revision/438243a39a4aeeed/"; VariantName = "[No Variations]"
Add component (AddParameter): Name = "housing_material"; Value = "Plastic"; VariantName = "[No Variations]"
Add component (AddParameter): Name = "Is Female"; Value = "yes"; VariantName = "[No Variations]"
Add component (AddParameter): Name = "Lead Free"; Value = "yes"; VariantName = "[No Variations]"
Add component (AddParameter): Name = "Manufacturer"; Value = "Sullins"; VariantName = "[No Variations]"
Add component (AddParameter): Name = "Mounting Type"; Value = "through hole"; VariantName = "[No Variations]"
Add component (AddParameter): Name = "Num Pins"; Value = "10"; VariantName = "[No Variations]"
Add component (AddParameter): Name = "number_of_positions"; Value = "10"; VariantName = "[No Variations]"
Add component (AddParameter): Name = "number_of_rows"; Value = "1"; VariantName = "[No Variations]"
Add component (AddParameter): Name = "Octopart Part Number"; Value = "a3ed6ae3a4397c2a"; VariantName = "[No Variations]"
Add component (AddParameter): Name = "Package"; Value = "HDR10"; VariantName = "[No Variations]"
Add component (AddParameter): Name = "Part Number"; Value = "PPTC101LFBN-RC"; VariantName = "[No Variations]"
Add component (AddParameter): Name = "pin_pitch"; Value = "2.54 mm"; VariantName = "[No Variations]"
Add component (AddParameter): Name = "Price"; Value = "0.506714616829"; VariantName = "[No Variations]"
Add component (AddParameter): Name = "RoHS"; Value = "TRUE"; VariantName = "[No Variations]"
Add component (AddParameter): Name = "Supplier 1"; Value = "Digi-Key"; VariantName = "[No Variations]"
Add component (AddParameter): Name = "Supplier 2"; Value = "Mouser"; VariantName = "[No Variations]"
Add component (AddParameter): Name = "Supplier Part Number 1"; Value = "S7008-ND"; VariantName = "[No Variations]"
Add component (AddParameter): Name = "Supplier Part Number 2"; Value = ""; VariantName = "[No Variations]"
Add component (AddParameter): Name = "Symbol 0 0"; Value = "Standard"; VariantName = "[No Variations]"
Add component (AddParameter): Name = "Temperature"; Value = "-40°C to +105°C"; VariantName = "[No Variations]"
Add component (AddParameter): Name = "Temperature Range High"; Value = "+105°C"; VariantName = "[No Variations]"
Add component (AddParameter): Name = "Temperature Range Low"; Value = "-40°C"; VariantName = "[No Variations]"
Add component (AddParameter): Name = "Type"; Value = "integrated circuit"; VariantName = "[No Variations]"
Added Component: Designator=U1(MCHP-SSOP-SS28_M)
Add component (AddParameter): Name = "# of A/D Channels"; Value = "11"; VariantName = "[No Variations]"
Add component (AddParameter): Name = "ComponentLink1Description"; Value = "Datasheet"; VariantName = "[No Variations]"
Add component (AddParameter): Name = "ComponentLink1URL"; Value = "http://ww1.microchip.com/downloads/en/DeviceDoc/41417B.pdf"; VariantName = "[No Variations]"
Add component (AddParameter): Name = "ComponentLink2Description"; Value = "Package Specification"; VariantName = "[No Variations]"
Add component (AddParameter): Name = "ComponentLink2URL"; Value = "http://www.microchip.com/stellent/groups/techpub_sg/documents/packagingspec/en012702.pdf"; VariantName = "[No Variations]"
Add component (AddParameter): Name = "ComponentLink3Description"; Value = "URL Link1"; VariantName = "[No Variations]"
Add component (AddParameter): Name = "ComponentLink3URL"; Value = "Product URL:http://www.microchip.com/datasheet/PIC16F722A"; VariantName = "[No Variations]"
Add component (AddParameter): Name = "DatasheetVersion"; Value = "Rev. B"; VariantName = "[No Variations]"
Add component (AddParameter): Name = "Digital Communication"; Value = "1 -A/E/USART, 1 -SSP(SPI/I2C)"; VariantName = "[No Variations]"
Add component (AddParameter): Name = "I/O Pins"; Value = "24"; VariantName = "[No Variations]"
Add component (AddParameter): Name = "Internal Oscillator"; Value = "16 MHz, 500 kHz"; VariantName = "[No Variations]"
Add component (AddParameter): Name = "Manufacturer"; Value = "Microchip"; VariantName = "[No Variations]"
Add component (AddParameter): Name = "Max. CPU Speed MHz"; Value = "20"; VariantName = "[No Variations]"
Add component (AddParameter): Name = "Memory Type"; Value = "Flash"; VariantName = "[No Variations]"
Add component (AddParameter): Name = "Mounting Technology"; Value = "Surface Mount"; VariantName = "[No Variations]"
Add component (AddParameter): Name = "Operation Voltage Range"; Value = "1.8V - 5.5V"; VariantName = "[No Variations]"
Add component (AddParameter): Name = "PackageDescription"; Value = "28-Lead Plastic Shrink Small Outline, 10.2 x 5.3 mm Body, 0.65 mm Pitch"; VariantName = "[No Variations]"
Add component (AddParameter): Name = "PackageReference"; Value = "SSOP-SS28"; VariantName = "[No Variations]"
Add component (AddParameter): Name = "PackageVersion"; Value = "C04-073B, 12/2012"; VariantName = "[No Variations]"
Add component (AddParameter): Name = "Packing"; Value = "T/R"; VariantName = "[No Variations]"
Add component (AddParameter): Name = "PartNumber"; Value = "PIC16F722AT-I/SS"; VariantName = "[No Variations]"
Add component (AddParameter): Name = "Program Memory KBytes"; Value = "3.5"; VariantName = "[No Variations]"
Add component (AddParameter): Name = "Program Memory KWords"; Value = "2"; VariantName = "[No Variations]"
Add component (AddParameter): Name = "RAM"; Value = "128"; VariantName = "[No Variations]"
Add component (AddParameter): Name = "RoHS"; Value = "TRUE"; VariantName = "[No Variations]"
Add component (AddParameter): Name = "Timers"; Value = "2 - 8-bit, 1 - 16-bit, 0 - 32-bit"; VariantName = "[No Variations]"
Added Net: Name=+5
Added Net: Name=\MCLR 
Added Net: Name=GND
Added Net: Name=ICSPCLK
Added Net: Name=ICSPDAT
Added Net: Name=NetD1_2
Added Net: Name=NetD2_2
Added Class: Name=PIC16F_Schematic
